2022-06-08 10:30:42.909  INFO 3496 --- [restartedMain] solekia.demo.DemoApplication             : Starting DemoApplication using Java 17.0.3 on S2200063 with PID 3496 (C:\Users\2940\Documents\teamC\bin\main started by 2940 in C:\Users\2940\Documents\teamC)
2022-06-08 10:30:42.925  INFO 3496 --- [restartedMain] solekia.demo.DemoApplication             : No active profile set, falling back to 1 default profile: "default"
2022-06-08 10:30:43.133  INFO 3496 --- [restartedMain] .e.DevToolsPropertyDefaultsPostProcessor : Devtools property defaults active! Set 'spring.devtools.add-properties' to 'false' to disable
2022-06-08 10:30:43.147  INFO 3496 --- [restartedMain] .e.DevToolsPropertyDefaultsPostProcessor : For additional web related logging consider setting the 'logging.level.web' property to 'DEBUG'
2022-06-08 10:30:45.824  WARN 3496 --- [restartedMain] o.m.s.mapper.ClassPathMapperScanner      : Skipping MapperFactoryBean with name 'loginMapper' and 'solekia.demo.fastfood.repository.LoginMapper' mapperInterface. Bean already defined with the same name!
2022-06-08 10:30:45.827  WARN 3496 --- [restartedMain] o.m.s.mapper.ClassPathMapperScanner      : No MyBatis mapper was found in '[solekia.demo.fastfood.repository]' package. Please check your configuration.
2022-06-08 10:30:47.426  INFO 3496 --- [restartedMain] o.s.b.w.embedded.tomcat.TomcatWebServer  : Tomcat initialized with port(s): 8080 (http)
2022-06-08 10:30:47.490  INFO 3496 --- [restartedMain] o.apache.catalina.core.StandardService   : Starting service [Tomcat]
2022-06-08 10:30:47.494  INFO 3496 --- [restartedMain] org.apache.catalina.core.StandardEngine  : Starting Servlet engine: [Apache Tomcat/9.0.63]
2022-06-08 10:30:47.776  INFO 3496 --- [restartedMain] o.a.c.c.C.[Tomcat].[localhost].[/]       : Initializing Spring embedded WebApplicationContext
2022-06-08 10:30:47.779  INFO 3496 --- [restartedMain] w.s.c.ServletWebServerApplicationContext : Root WebApplicationContext: initialization completed in 4626 ms
2022-06-08 10:30:49.851  INFO 3496 --- [restartedMain] o.s.b.d.a.OptionalLiveReloadServer       : LiveReload server is running on port 35729
2022-06-08 10:30:50.097  INFO 3496 --- [restartedMain] o.s.b.w.embedded.tomcat.TomcatWebServer  : Tomcat started on port(s): 8080 (http) with context path ''
2022-06-08 10:30:50.142  INFO 3496 --- [restartedMain] solekia.demo.DemoApplication             : Started DemoApplication in 7.953 seconds (JVM running for 10.015)
2022-06-08 10:30:54.876  INFO 3496 --- [http-nio-8080-exec-1] o.a.c.c.C.[Tomcat].[localhost].[/]       : Initializing Spring DispatcherServlet 'dispatcherServlet'
2022-06-08 10:30:54.878  INFO 3496 --- [http-nio-8080-exec-1] o.s.web.servlet.DispatcherServlet        : Initializing Servlet 'dispatcherServlet'
2022-06-08 10:30:54.882  INFO 3496 --- [http-nio-8080-exec-1] o.s.web.servlet.DispatcherServlet        : Completed initialization in 2 ms
2022-06-08 13:29:20.548  INFO 7848 --- [restartedMain] solekia.demo.FastfoodApplication         : Starting FastfoodApplication using Java 17.0.3 on S2200063 with PID 7848 (C:\Users\2940\Documents\teamC\bin\main started by 2940 in C:\Users\2940\Documents\teamC)
2022-06-08 13:29:20.554  INFO 7848 --- [restartedMain] solekia.demo.FastfoodApplication         : No active profile set, falling back to 1 default profile: "default"
2022-06-08 13:29:20.678  INFO 7848 --- [restartedMain] .e.DevToolsPropertyDefaultsPostProcessor : Devtools property defaults active! Set 'spring.devtools.add-properties' to 'false' to disable
2022-06-08 13:29:20.680  INFO 7848 --- [restartedMain] .e.DevToolsPropertyDefaultsPostProcessor : For additional web related logging consider setting the 'logging.level.web' property to 'DEBUG'
2022-06-08 13:29:22.834  WARN 7848 --- [restartedMain] o.m.s.mapper.ClassPathMapperScanner      : Skipping MapperFactoryBean with name 'loginMapper' and 'solekia.demo.fastfood.repository.LoginMapper' mapperInterface. Bean already defined with the same name!
2022-06-08 13:29:22.837  WARN 7848 --- [restartedMain] o.m.s.mapper.ClassPathMapperScanner      : No MyBatis mapper was found in '[solekia.demo.fastfood.repository]' package. Please check your configuration.
2022-06-08 13:29:23.949  INFO 7848 --- [restartedMain] o.s.b.w.embedded.tomcat.TomcatWebServer  : Tomcat initialized with port(s): 8080 (http)
2022-06-08 13:29:23.971  INFO 7848 --- [restartedMain] o.apache.catalina.core.StandardService   : Starting service [Tomcat]
2022-06-08 13:29:23.974  INFO 7848 --- [restartedMain] org.apache.catalina.core.StandardEngine  : Starting Servlet engine: [Apache Tomcat/9.0.63]
2022-06-08 13:29:24.174  INFO 7848 --- [restartedMain] o.a.c.c.C.[Tomcat].[localhost].[/]       : Initializing Spring embedded WebApplicationContext
2022-06-08 13:29:24.179  INFO 7848 --- [restartedMain] w.s.c.ServletWebServerApplicationContext : Root WebApplicationContext: initialization completed in 3495 ms
2022-06-08 13:29:27.344  INFO 7848 --- [restartedMain] o.s.b.d.a.OptionalLiveReloadServer       : LiveReload server is running on port 35729
2022-06-08 13:29:27.652  INFO 7848 --- [restartedMain] o.s.b.w.embedded.tomcat.TomcatWebServer  : Tomcat started on port(s): 8080 (http) with context path ''
2022-06-08 13:29:27.699  INFO 7848 --- [restartedMain] solekia.demo.FastfoodApplication         : Started FastfoodApplication in 8.124 seconds (JVM running for 10.87)
2022-06-08 13:29:53.696  INFO 7848 --- [http-nio-8080-exec-1] o.a.c.c.C.[Tomcat].[localhost].[/]       : Initializing Spring DispatcherServlet 'dispatcherServlet'
2022-06-08 13:29:53.697  INFO 7848 --- [http-nio-8080-exec-1] o.s.web.servlet.DispatcherServlet        : Initializing Servlet 'dispatcherServlet'
2022-06-08 13:29:53.701  INFO 7848 --- [http-nio-8080-exec-1] o.s.web.servlet.DispatcherServlet        : Completed initialization in 2 ms
2022-06-08 13:35:28.217  INFO 11000 --- [restartedMain] solekia.demo.FastfoodApplication         : Starting FastfoodApplication using Java 17.0.3 on S2200063 with PID 11000 (C:\Users\2940\Documents\teamC\bin\main started by 2940 in C:\Users\2940\Documents\teamC)
2022-06-08 13:35:28.226  INFO 11000 --- [restartedMain] solekia.demo.FastfoodApplication         : No active profile set, falling back to 1 default profile: "default"
2022-06-08 13:35:28.403  INFO 11000 --- [restartedMain] .e.DevToolsPropertyDefaultsPostProcessor : Devtools property defaults active! Set 'spring.devtools.add-properties' to 'false' to disable
2022-06-08 13:35:28.404  INFO 11000 --- [restartedMain] .e.DevToolsPropertyDefaultsPostProcessor : For additional web related logging consider setting the 'logging.level.web' property to 'DEBUG'
2022-06-08 13:35:30.719  WARN 11000 --- [restartedMain] o.m.s.mapper.ClassPathMapperScanner      : Skipping MapperFactoryBean with name 'loginMapper' and 'solekia.demo.fastfood.repository.LoginMapper' mapperInterface. Bean already defined with the same name!
2022-06-08 13:35:30.725  WARN 11000 --- [restartedMain] o.m.s.mapper.ClassPathMapperScanner      : No MyBatis mapper was found in '[solekia.demo.fastfood.repository]' package. Please check your configuration.
2022-06-08 13:35:32.242  INFO 11000 --- [restartedMain] o.s.b.w.embedded.tomcat.TomcatWebServer  : Tomcat initialized with port(s): 8080 (http)
2022-06-08 13:35:32.281  INFO 11000 --- [restartedMain] o.apache.catalina.core.StandardService   : Starting service [Tomcat]
2022-06-08 13:35:32.284  INFO 11000 --- [restartedMain] org.apache.catalina.core.StandardEngine  : Starting Servlet engine: [Apache Tomcat/9.0.63]
2022-06-08 13:35:32.611  INFO 11000 --- [restartedMain] o.a.c.c.C.[Tomcat].[localhost].[/]       : Initializing Spring embedded WebApplicationContext
2022-06-08 13:35:32.614  INFO 11000 --- [restartedMain] w.s.c.ServletWebServerApplicationContext : Root WebApplicationContext: initialization completed in 4204 ms
2022-06-08 13:35:34.529  INFO 11000 --- [restartedMain] o.s.b.d.a.OptionalLiveReloadServer       : LiveReload server is running on port 35729
2022-06-08 13:35:34.705  INFO 11000 --- [restartedMain] o.s.b.w.embedded.tomcat.TomcatWebServer  : Tomcat started on port(s): 8080 (http) with context path ''
2022-06-08 13:35:34.743  INFO 11000 --- [restartedMain] solekia.demo.FastfoodApplication         : Started FastfoodApplication in 7.36 seconds (JVM running for 9.24)
2022-06-08 13:35:35.008  INFO 11000 --- [http-nio-8080-exec-1] o.a.c.c.C.[Tomcat].[localhost].[/]       : Initializing Spring DispatcherServlet 'dispatcherServlet'
2022-06-08 13:35:35.012  INFO 11000 --- [http-nio-8080-exec-1] o.s.web.servlet.DispatcherServlet        : Initializing Servlet 'dispatcherServlet'
2022-06-08 13:35:35.016  INFO 11000 --- [http-nio-8080-exec-1] o.s.web.servlet.DispatcherServlet        : Completed initialization in 3 ms
2022-06-08 13:59:17.104  INFO 17940 --- [restartedMain] solekia.demo.FastfoodApplication         : Starting FastfoodApplication using Java 17.0.3 on S2200063 with PID 17940 (C:\Users\2940\Documents\teamC\bin\main started by 2940 in C:\Users\2940\Documents\teamC)
2022-06-08 13:59:17.109  INFO 17940 --- [restartedMain] solekia.demo.FastfoodApplication         : No active profile set, falling back to 1 default profile: "default"
2022-06-08 13:59:17.314  INFO 17940 --- [restartedMain] .e.DevToolsPropertyDefaultsPostProcessor : Devtools property defaults active! Set 'spring.devtools.add-properties' to 'false' to disable
2022-06-08 13:59:17.319  INFO 17940 --- [restartedMain] .e.DevToolsPropertyDefaultsPostProcessor : For additional web related logging consider setting the 'logging.level.web' property to 'DEBUG'
2022-06-08 13:59:19.636  WARN 17940 --- [restartedMain] o.m.s.mapper.ClassPathMapperScanner      : Skipping MapperFactoryBean with name 'loginMapper' and 'solekia.demo.fastfood.repository.LoginMapper' mapperInterface. Bean already defined with the same name!
2022-06-08 13:59:19.639  WARN 17940 --- [restartedMain] o.m.s.mapper.ClassPathMapperScanner      : No MyBatis mapper was found in '[solekia.demo.fastfood.repository]' package. Please check your configuration.
2022-06-08 13:59:20.727  INFO 17940 --- [restartedMain] o.s.b.w.embedded.tomcat.TomcatWebServer  : Tomcat initialized with port(s): 8080 (http)
2022-06-08 13:59:20.763  INFO 17940 --- [restartedMain] o.apache.catalina.core.StandardService   : Starting service [Tomcat]
2022-06-08 13:59:20.771  INFO 17940 --- [restartedMain] org.apache.catalina.core.StandardEngine  : Starting Servlet engine: [Apache Tomcat/9.0.63]
2022-06-08 13:59:21.068  INFO 17940 --- [restartedMain] o.a.c.c.C.[Tomcat].[localhost].[/]       : Initializing Spring embedded WebApplicationContext
2022-06-08 13:59:21.071  INFO 17940 --- [restartedMain] w.s.c.ServletWebServerApplicationContext : Root WebApplicationContext: initialization completed in 3749 ms
2022-06-08 13:59:23.465  INFO 17940 --- [restartedMain] o.s.b.d.a.OptionalLiveReloadServer       : LiveReload server is running on port 35729
2022-06-08 13:59:23.674  INFO 17940 --- [restartedMain] o.s.b.w.embedded.tomcat.TomcatWebServer  : Tomcat started on port(s): 8080 (http) with context path ''
2022-06-08 13:59:23.716  INFO 17940 --- [restartedMain] solekia.demo.FastfoodApplication         : Started FastfoodApplication in 7.412 seconds (JVM running for 9.559)
2022-06-08 13:59:32.628  INFO 17940 --- [http-nio-8080-exec-1] o.a.c.c.C.[Tomcat].[localhost].[/]       : Initializing Spring DispatcherServlet 'dispatcherServlet'
2022-06-08 13:59:32.631  INFO 17940 --- [http-nio-8080-exec-1] o.s.web.servlet.DispatcherServlet        : Initializing Servlet 'dispatcherServlet'
2022-06-08 13:59:32.632  INFO 17940 --- [http-nio-8080-exec-1] o.s.web.servlet.DispatcherServlet        : Completed initialization in 1 ms
2022-06-08 14:22:18.257  INFO 16188 --- [restartedMain] solekia.demo.FastfoodApplication         : Starting FastfoodApplication using Java 17.0.3 on S2200063 with PID 16188 (C:\Users\2940\Documents\teamC\bin\main started by 2940 in C:\Users\2940\Documents\teamC)
2022-06-08 14:22:18.261  INFO 16188 --- [restartedMain] solekia.demo.FastfoodApplication         : No active profile set, falling back to 1 default profile: "default"
2022-06-08 14:22:18.406  INFO 16188 --- [restartedMain] .e.DevToolsPropertyDefaultsPostProcessor : Devtools property defaults active! Set 'spring.devtools.add-properties' to 'false' to disable
2022-06-08 14:22:18.407  INFO 16188 --- [restartedMain] .e.DevToolsPropertyDefaultsPostProcessor : For additional web related logging consider setting the 'logging.level.web' property to 'DEBUG'
2022-06-08 14:22:20.928  WARN 16188 --- [restartedMain] o.m.s.mapper.ClassPathMapperScanner      : Skipping MapperFactoryBean with name 'loginMapper' and 'solekia.demo.fastfood.repository.LoginMapper' mapperInterface. Bean already defined with the same name!
2022-06-08 14:22:20.931  WARN 16188 --- [restartedMain] o.m.s.mapper.ClassPathMapperScanner      : No MyBatis mapper was found in '[solekia.demo.fastfood.repository]' package. Please check your configuration.
2022-06-08 14:22:21.977  INFO 16188 --- [restartedMain] o.s.b.w.embedded.tomcat.TomcatWebServer  : Tomcat initialized with port(s): 8080 (http)
2022-06-08 14:22:22.006  INFO 16188 --- [restartedMain] o.apache.catalina.core.StandardService   : Starting service [Tomcat]
2022-06-08 14:22:22.010  INFO 16188 --- [restartedMain] org.apache.catalina.core.StandardEngine  : Starting Servlet engine: [Apache Tomcat/9.0.63]
2022-06-08 14:22:22.231  INFO 16188 --- [restartedMain] o.a.c.c.C.[Tomcat].[localhost].[/]       : Initializing Spring embedded WebApplicationContext
2022-06-08 14:22:22.233  INFO 16188 --- [restartedMain] w.s.c.ServletWebServerApplicationContext : Root WebApplicationContext: initialization completed in 3823 ms
2022-06-08 14:22:23.641  INFO 16188 --- [restartedMain] o.s.b.d.a.OptionalLiveReloadServer       : LiveReload server is running on port 35729
2022-06-08 14:22:23.863  INFO 16188 --- [restartedMain] o.s.b.w.embedded.tomcat.TomcatWebServer  : Tomcat started on port(s): 8080 (http) with context path ''
2022-06-08 14:22:23.903  INFO 16188 --- [restartedMain] solekia.demo.FastfoodApplication         : Started FastfoodApplication in 6.346 seconds (JVM running for 8.255)
2022-06-08 14:22:24.031  INFO 16188 --- [http-nio-8080-exec-1] o.a.c.c.C.[Tomcat].[localhost].[/]       : Initializing Spring DispatcherServlet 'dispatcherServlet'
2022-06-08 14:22:24.033  INFO 16188 --- [http-nio-8080-exec-1] o.s.web.servlet.DispatcherServlet        : Initializing Servlet 'dispatcherServlet'
2022-06-08 14:22:24.043  INFO 16188 --- [http-nio-8080-exec-1] o.s.web.servlet.DispatcherServlet        : Completed initialization in 4 ms
2022-06-08 14:28:57.196  INFO 384 --- [restartedMain] solekia.demo.FastfoodApplication         : Starting FastfoodApplication using Java 17.0.3 on S2200063 with PID 384 (C:\Users\2940\Documents\teamC\bin\main started by 2940 in C:\Users\2940\Documents\teamC)
2022-06-08 14:28:57.202  INFO 384 --- [restartedMain] solekia.demo.FastfoodApplication         : No active profile set, falling back to 1 default profile: "default"
2022-06-08 14:28:57.337  INFO 384 --- [restartedMain] .e.DevToolsPropertyDefaultsPostProcessor : Devtools property defaults active! Set 'spring.devtools.add-properties' to 'false' to disable
2022-06-08 14:28:57.339  INFO 384 --- [restartedMain] .e.DevToolsPropertyDefaultsPostProcessor : For additional web related logging consider setting the 'logging.level.web' property to 'DEBUG'
2022-06-08 14:28:59.315  WARN 384 --- [restartedMain] o.m.s.mapper.ClassPathMapperScanner      : Skipping MapperFactoryBean with name 'loginMapper' and 'solekia.demo.fastfood.repository.LoginMapper' mapperInterface. Bean already defined with the same name!
2022-06-08 14:28:59.319  WARN 384 --- [restartedMain] o.m.s.mapper.ClassPathMapperScanner      : No MyBatis mapper was found in '[solekia.demo.fastfood.repository]' package. Please check your configuration.
2022-06-08 14:29:00.591  INFO 384 --- [restartedMain] o.s.b.w.embedded.tomcat.TomcatWebServer  : Tomcat initialized with port(s): 8080 (http)
2022-06-08 14:29:00.629  INFO 384 --- [restartedMain] o.apache.catalina.core.StandardService   : Starting service [Tomcat]
2022-06-08 14:29:00.633  INFO 384 --- [restartedMain] org.apache.catalina.core.StandardEngine  : Starting Servlet engine: [Apache Tomcat/9.0.63]
2022-06-08 14:29:00.900  INFO 384 --- [restartedMain] o.a.c.c.C.[Tomcat].[localhost].[/]       : Initializing Spring embedded WebApplicationContext
2022-06-08 14:29:00.906  INFO 384 --- [restartedMain] w.s.c.ServletWebServerApplicationContext : Root WebApplicationContext: initialization completed in 3564 ms
2022-06-08 14:29:02.732  INFO 384 --- [restartedMain] o.s.b.d.a.OptionalLiveReloadServer       : LiveReload server is running on port 35729
2022-06-08 14:29:02.917  INFO 384 --- [restartedMain] o.s.b.w.embedded.tomcat.TomcatWebServer  : Tomcat started on port(s): 8080 (http) with context path ''
2022-06-08 14:29:02.941  INFO 384 --- [restartedMain] solekia.demo.FastfoodApplication         : Started FastfoodApplication in 6.481 seconds (JVM running for 8.833)
2022-06-08 14:30:28.213  INFO 384 --- [restartedMain] solekia.demo.FastfoodApplication         : Starting FastfoodApplication using Java 17.0.3 on S2200063 with PID 384 (C:\Users\2940\Documents\teamC\bin\main started by 2940 in C:\Users\2940\Documents\teamC)
2022-06-08 14:30:28.215  INFO 384 --- [restartedMain] solekia.demo.FastfoodApplication         : No active profile set, falling back to 1 default profile: "default"
2022-06-08 14:30:28.834  WARN 384 --- [restartedMain] o.m.s.mapper.ClassPathMapperScanner      : Skipping MapperFactoryBean with name 'loginMapper' and 'solekia.demo.fastfood.repository.LoginMapper' mapperInterface. Bean already defined with the same name!
2022-06-08 14:30:28.836  WARN 384 --- [restartedMain] o.m.s.mapper.ClassPathMapperScanner      : No MyBatis mapper was found in '[solekia.demo.fastfood.repository]' package. Please check your configuration.
2022-06-08 14:30:28.962  INFO 384 --- [restartedMain] o.s.b.w.embedded.tomcat.TomcatWebServer  : Tomcat initialized with port(s): 8080 (http)
2022-06-08 14:30:28.966  INFO 384 --- [restartedMain] o.apache.catalina.core.StandardService   : Starting service [Tomcat]
2022-06-08 14:30:28.972  INFO 384 --- [restartedMain] org.apache.catalina.core.StandardEngine  : Starting Servlet engine: [Apache Tomcat/9.0.63]
2022-06-08 14:30:29.032  INFO 384 --- [restartedMain] o.a.c.c.C.[Tomcat].[localhost].[/]       : Initializing Spring embedded WebApplicationContext
2022-06-08 14:30:29.035  INFO 384 --- [restartedMain] w.s.c.ServletWebServerApplicationContext : Root WebApplicationContext: initialization completed in 813 ms
2022-06-08 14:30:29.515  INFO 384 --- [restartedMain] o.s.b.d.a.OptionalLiveReloadServer       : LiveReload server is running on port 35729
2022-06-08 14:30:29.557  INFO 384 --- [restartedMain] o.s.b.w.embedded.tomcat.TomcatWebServer  : Tomcat started on port(s): 8080 (http) with context path ''
2022-06-08 14:30:29.566  INFO 384 --- [restartedMain] solekia.demo.FastfoodApplication         : Started FastfoodApplication in 1.419 seconds (JVM running for 95.458)
2022-06-08 14:30:29.569  INFO 384 --- [restartedMain] .ConditionEvaluationDeltaLoggingListener : Condition evaluation unchanged
2022-06-08 14:31:35.510  INFO 384 --- [restartedMain] solekia.demo.FastfoodApplication         : Starting FastfoodApplication using Java 17.0.3 on S2200063 with PID 384 (C:\Users\2940\Documents\teamC\bin\main started by 2940 in C:\Users\2940\Documents\teamC)
2022-06-08 14:31:35.521  INFO 384 --- [restartedMain] solekia.demo.FastfoodApplication         : No active profile set, falling back to 1 default profile: "default"
2022-06-08 14:31:36.761  WARN 384 --- [restartedMain] o.m.s.mapper.ClassPathMapperScanner      : Skipping MapperFactoryBean with name 'loginMapper' and 'solekia.demo.fastfood.repository.LoginMapper' mapperInterface. Bean already defined with the same name!
2022-06-08 14:31:36.766  WARN 384 --- [restartedMain] o.m.s.mapper.ClassPathMapperScanner      : No MyBatis mapper was found in '[solekia.demo.fastfood.repository]' package. Please check your configuration.
2022-06-08 14:31:36.945  INFO 384 --- [restartedMain] o.s.b.w.embedded.tomcat.TomcatWebServer  : Tomcat initialized with port(s): 8080 (http)
2022-06-08 14:31:36.947  INFO 384 --- [restartedMain] o.apache.catalina.core.StandardService   : Starting service [Tomcat]
2022-06-08 14:31:36.948  INFO 384 --- [restartedMain] org.apache.catalina.core.StandardEngine  : Starting Servlet engine: [Apache Tomcat/9.0.63]
2022-06-08 14:31:37.009  INFO 384 --- [restartedMain] o.a.c.c.C.[Tomcat].[localhost].[/]       : Initializing Spring embedded WebApplicationContext
2022-06-08 14:31:37.010  INFO 384 --- [restartedMain] w.s.c.ServletWebServerApplicationContext : Root WebApplicationContext: initialization completed in 1458 ms
2022-06-08 14:31:37.402  INFO 384 --- [restartedMain] o.s.b.d.a.OptionalLiveReloadServer       : LiveReload server is running on port 35729
2022-06-08 14:31:37.461  INFO 384 --- [restartedMain] o.s.b.w.embedded.tomcat.TomcatWebServer  : Tomcat started on port(s): 8080 (http) with context path ''
2022-06-08 14:31:37.468  INFO 384 --- [restartedMain] solekia.demo.FastfoodApplication         : Started FastfoodApplication in 2.132 seconds (JVM running for 163.361)
2022-06-08 14:31:37.471  INFO 384 --- [restartedMain] .ConditionEvaluationDeltaLoggingListener : Condition evaluation unchanged
2022-06-08 14:32:51.508  INFO 384 --- [restartedMain] solekia.demo.FastfoodApplication         : Starting FastfoodApplication using Java 17.0.3 on S2200063 with PID 384 (C:\Users\2940\Documents\teamC\bin\main started by 2940 in C:\Users\2940\Documents\teamC)
2022-06-08 14:32:51.510  INFO 384 --- [restartedMain] solekia.demo.FastfoodApplication         : No active profile set, falling back to 1 default profile: "default"
2022-06-08 14:32:52.713  WARN 384 --- [restartedMain] o.m.s.mapper.ClassPathMapperScanner      : Skipping MapperFactoryBean with name 'loginMapper' and 'solekia.demo.fastfood.repository.LoginMapper' mapperInterface. Bean already defined with the same name!
2022-06-08 14:32:52.716  WARN 384 --- [restartedMain] o.m.s.mapper.ClassPathMapperScanner      : No MyBatis mapper was found in '[solekia.demo.fastfood.repository]' package. Please check your configuration.
2022-06-08 14:32:52.869  INFO 384 --- [restartedMain] o.s.b.w.embedded.tomcat.TomcatWebServer  : Tomcat initialized with port(s): 8080 (http)
2022-06-08 14:32:52.875  INFO 384 --- [restartedMain] o.apache.catalina.core.StandardService   : Starting service [Tomcat]
2022-06-08 14:32:52.879  INFO 384 --- [restartedMain] org.apache.catalina.core.StandardEngine  : Starting Servlet engine: [Apache Tomcat/9.0.63]
2022-06-08 14:32:52.938  INFO 384 --- [restartedMain] o.a.c.c.C.[Tomcat].[localhost].[/]       : Initializing Spring embedded WebApplicationContext
2022-06-08 14:32:52.945  INFO 384 --- [restartedMain] w.s.c.ServletWebServerApplicationContext : Root WebApplicationContext: initialization completed in 1422 ms
2022-06-08 14:32:53.396  INFO 384 --- [restartedMain] o.s.b.d.a.OptionalLiveReloadServer       : LiveReload server is running on port 35729
2022-06-08 14:32:53.448  INFO 384 --- [restartedMain] o.s.b.w.embedded.tomcat.TomcatWebServer  : Tomcat started on port(s): 8080 (http) with context path ''
2022-06-08 14:32:53.462  INFO 384 --- [restartedMain] solekia.demo.FastfoodApplication         : Started FastfoodApplication in 2.053 seconds (JVM running for 239.355)
2022-06-08 14:32:53.469  INFO 384 --- [restartedMain] .ConditionEvaluationDeltaLoggingListener : Condition evaluation unchanged
2022-06-08 14:33:09.669  INFO 14496 --- [restartedMain] s.demo.fastfood.FastfoodApplication      : Starting FastfoodApplication using Java 17.0.3 on S2200063 with PID 14496 (C:\Users\2940\Documents\teamC\bin\main started by 2940 in C:\Users\2940\Documents\teamC)
2022-06-08 14:33:09.673  INFO 14496 --- [restartedMain] s.demo.fastfood.FastfoodApplication      : No active profile set, falling back to 1 default profile: "default"
2022-06-08 14:33:09.834  INFO 14496 --- [restartedMain] .e.DevToolsPropertyDefaultsPostProcessor : Devtools property defaults active! Set 'spring.devtools.add-properties' to 'false' to disable
2022-06-08 14:33:09.836  INFO 14496 --- [restartedMain] .e.DevToolsPropertyDefaultsPostProcessor : For additional web related logging consider setting the 'logging.level.web' property to 'DEBUG'
2022-06-08 14:33:12.868  INFO 14496 --- [restartedMain] o.s.b.w.embedded.tomcat.TomcatWebServer  : Tomcat initialized with port(s): 8080 (http)
2022-06-08 14:33:12.904  INFO 14496 --- [restartedMain] o.apache.catalina.core.StandardService   : Starting service [Tomcat]
2022-06-08 14:33:12.906  INFO 14496 --- [restartedMain] org.apache.catalina.core.StandardEngine  : Starting Servlet engine: [Apache Tomcat/9.0.63]
2022-06-08 14:33:13.181  INFO 14496 --- [restartedMain] o.a.c.c.C.[Tomcat].[localhost].[/]       : Initializing Spring embedded WebApplicationContext
2022-06-08 14:33:13.183  INFO 14496 --- [restartedMain] w.s.c.ServletWebServerApplicationContext : Root WebApplicationContext: initialization completed in 3344 ms
2022-06-08 14:33:15.646  INFO 14496 --- [restartedMain] o.s.b.d.a.OptionalLiveReloadServer       : LiveReload server is running on port 35729
2022-06-08 14:33:16.015  INFO 14496 --- [restartedMain] o.s.b.w.embedded.tomcat.TomcatWebServer  : Tomcat started on port(s): 8080 (http) with context path ''
2022-06-08 14:33:16.087  INFO 14496 --- [restartedMain] s.demo.fastfood.FastfoodApplication      : Started FastfoodApplication in 7.032 seconds (JVM running for 8.937)
2022-06-08 14:34:07.089  INFO 14496 --- [http-nio-8080-exec-3] o.a.c.c.C.[Tomcat].[localhost].[/]       : Initializing Spring DispatcherServlet 'dispatcherServlet'
2022-06-08 14:34:07.090  INFO 14496 --- [http-nio-8080-exec-3] o.s.web.servlet.DispatcherServlet        : Initializing Servlet 'dispatcherServlet'
2022-06-08 14:34:07.092  INFO 14496 --- [http-nio-8080-exec-3] o.s.web.servlet.DispatcherServlet        : Completed initialization in 2 ms
2022-06-08 15:06:27.355  INFO 10796 --- [restartedMain] s.demo.fastfood.FastfoodApplication      : Starting FastfoodApplication using Java 17.0.3 on S2200063 with PID 10796 (C:\Users\2940\Documents\teamC\bin\main started by 2940 in C:\Users\2940\Documents\teamC)
2022-06-08 15:06:27.360  INFO 10796 --- [restartedMain] s.demo.fastfood.FastfoodApplication      : No active profile set, falling back to 1 default profile: "default"
2022-06-08 15:06:27.508  INFO 10796 --- [restartedMain] .e.DevToolsPropertyDefaultsPostProcessor : Devtools property defaults active! Set 'spring.devtools.add-properties' to 'false' to disable
2022-06-08 15:06:27.510  INFO 10796 --- [restartedMain] .e.DevToolsPropertyDefaultsPostProcessor : For additional web related logging consider setting the 'logging.level.web' property to 'DEBUG'
2022-06-08 15:06:30.736  INFO 10796 --- [restartedMain] o.s.b.w.embedded.tomcat.TomcatWebServer  : Tomcat initialized with port(s): 8080 (http)
2022-06-08 15:06:30.769  INFO 10796 --- [restartedMain] o.apache.catalina.core.StandardService   : Starting service [Tomcat]
2022-06-08 15:06:30.774  INFO 10796 --- [restartedMain] org.apache.catalina.core.StandardEngine  : Starting Servlet engine: [Apache Tomcat/9.0.63]
2022-06-08 15:06:31.022  INFO 10796 --- [restartedMain] o.a.c.c.C.[Tomcat].[localhost].[/]       : Initializing Spring embedded WebApplicationContext
2022-06-08 15:06:31.025  INFO 10796 --- [restartedMain] w.s.c.ServletWebServerApplicationContext : Root WebApplicationContext: initialization completed in 3511 ms
2022-06-08 15:06:32.872  INFO 10796 --- [restartedMain] o.s.b.d.a.OptionalLiveReloadServer       : LiveReload server is running on port 35729
2022-06-08 15:06:33.031  INFO 10796 --- [restartedMain] o.s.b.w.embedded.tomcat.TomcatWebServer  : Tomcat started on port(s): 8080 (http) with context path ''
2022-06-08 15:06:33.065  INFO 10796 --- [restartedMain] s.demo.fastfood.FastfoodApplication      : Started FastfoodApplication in 6.43 seconds (JVM running for 8.36)
2022-06-08 15:06:44.425  INFO 10796 --- [http-nio-8080-exec-1] o.a.c.c.C.[Tomcat].[localhost].[/]       : Initializing Spring DispatcherServlet 'dispatcherServlet'
2022-06-08 15:06:44.426  INFO 10796 --- [http-nio-8080-exec-1] o.s.web.servlet.DispatcherServlet        : Initializing Servlet 'dispatcherServlet'
2022-06-08 15:06:44.430  INFO 10796 --- [http-nio-8080-exec-1] o.s.web.servlet.DispatcherServlet        : Completed initialization in 3 ms
2022-06-08 15:08:40.933  INFO 14908 --- [restartedMain] solekia.demo.DemoApplication             : Starting DemoApplication using Java 17.0.3 on S2200063 with PID 14908 (C:\Users\2940\Documents\teamC\bin\main started by 2940 in C:\Users\2940\Documents\teamC)
2022-06-08 15:08:40.939  INFO 14908 --- [restartedMain] solekia.demo.DemoApplication             : No active profile set, falling back to 1 default profile: "default"
2022-06-08 15:08:41.107  INFO 14908 --- [restartedMain] .e.DevToolsPropertyDefaultsPostProcessor : Devtools property defaults active! Set 'spring.devtools.add-properties' to 'false' to disable
2022-06-08 15:08:41.111  INFO 14908 --- [restartedMain] .e.DevToolsPropertyDefaultsPostProcessor : For additional web related logging consider setting the 'logging.level.web' property to 'DEBUG'
2022-06-08 15:08:43.143  WARN 14908 --- [restartedMain] o.m.s.mapper.ClassPathMapperScanner      : Skipping MapperFactoryBean with name 'loginMapper' and 'solekia.demo.fastfood.repository.LoginMapper' mapperInterface. Bean already defined with the same name!
2022-06-08 15:08:43.147  WARN 14908 --- [restartedMain] o.m.s.mapper.ClassPathMapperScanner      : No MyBatis mapper was found in '[solekia.demo.fastfood.repository]' package. Please check your configuration.
2022-06-08 15:08:44.402  INFO 14908 --- [restartedMain] o.s.b.w.embedded.tomcat.TomcatWebServer  : Tomcat initialized with port(s): 8080 (http)
2022-06-08 15:08:44.429  INFO 14908 --- [restartedMain] o.apache.catalina.core.StandardService   : Starting service [Tomcat]
2022-06-08 15:08:44.431  INFO 14908 --- [restartedMain] org.apache.catalina.core.StandardEngine  : Starting Servlet engine: [Apache Tomcat/9.0.63]
2022-06-08 15:08:44.673  INFO 14908 --- [restartedMain] o.a.c.c.C.[Tomcat].[localhost].[/]       : Initializing Spring embedded WebApplicationContext
2022-06-08 15:08:44.675  INFO 14908 --- [restartedMain] w.s.c.ServletWebServerApplicationContext : Root WebApplicationContext: initialization completed in 3559 ms
2022-06-08 15:08:46.391  INFO 14908 --- [restartedMain] o.s.b.d.a.OptionalLiveReloadServer       : LiveReload server is running on port 35729
2022-06-08 15:08:46.580  INFO 14908 --- [restartedMain] o.s.b.w.embedded.tomcat.TomcatWebServer  : Tomcat started on port(s): 8080 (http) with context path ''
2022-06-08 15:08:46.611  INFO 14908 --- [restartedMain] solekia.demo.DemoApplication             : Started DemoApplication in 6.31 seconds (JVM running for 8.551)
2022-06-08 15:08:51.525  INFO 14908 --- [http-nio-8080-exec-1] o.a.c.c.C.[Tomcat].[localhost].[/]       : Initializing Spring DispatcherServlet 'dispatcherServlet'
2022-06-08 15:08:51.527  INFO 14908 --- [http-nio-8080-exec-1] o.s.web.servlet.DispatcherServlet        : Initializing Servlet 'dispatcherServlet'
2022-06-08 15:08:51.529  INFO 14908 --- [http-nio-8080-exec-1] o.s.web.servlet.DispatcherServlet        : Completed initialization in 1 ms
2022-06-08 15:20:28.130  INFO 3100 --- [restartedMain] solekia.demo.DemoApplication             : Starting DemoApplication using Java 17.0.3 on S2200063 with PID 3100 (C:\Users\2940\Documents\teamC\bin\main started by 2940 in C:\Users\2940\Documents\teamC)
2022-06-08 15:20:28.134  INFO 3100 --- [restartedMain] solekia.demo.DemoApplication             : No active profile set, falling back to 1 default profile: "default"
2022-06-08 15:20:28.254  INFO 3100 --- [restartedMain] .e.DevToolsPropertyDefaultsPostProcessor : Devtools property defaults active! Set 'spring.devtools.add-properties' to 'false' to disable
2022-06-08 15:20:28.255  INFO 3100 --- [restartedMain] .e.DevToolsPropertyDefaultsPostProcessor : For additional web related logging consider setting the 'logging.level.web' property to 'DEBUG'
2022-06-08 15:20:30.032  WARN 3100 --- [restartedMain] o.m.s.mapper.ClassPathMapperScanner      : Skipping MapperFactoryBean with name 'loginMapper' and 'solekia.demo.fastfood.repository.LoginMapper' mapperInterface. Bean already defined with the same name!
2022-06-08 15:20:30.034  WARN 3100 --- [restartedMain] o.m.s.mapper.ClassPathMapperScanner      : No MyBatis mapper was found in '[solekia.demo.fastfood.repository]' package. Please check your configuration.
2022-06-08 15:20:31.104  INFO 3100 --- [restartedMain] o.s.b.w.embedded.tomcat.TomcatWebServer  : Tomcat initialized with port(s): 8080 (http)
2022-06-08 15:20:31.132  INFO 3100 --- [restartedMain] o.apache.catalina.core.StandardService   : Starting service [Tomcat]
2022-06-08 15:20:31.136  INFO 3100 --- [restartedMain] org.apache.catalina.core.StandardEngine  : Starting Servlet engine: [Apache Tomcat/9.0.63]
2022-06-08 15:20:31.382  INFO 3100 --- [restartedMain] o.a.c.c.C.[Tomcat].[localhost].[/]       : Initializing Spring embedded WebApplicationContext
2022-06-08 15:20:31.385  INFO 3100 --- [restartedMain] w.s.c.ServletWebServerApplicationContext : Root WebApplicationContext: initialization completed in 3128 ms
2022-06-08 15:20:33.013  INFO 3100 --- [restartedMain] o.s.b.d.a.OptionalLiveReloadServer       : LiveReload server is running on port 35729
2022-06-08 15:20:33.171  INFO 3100 --- [restartedMain] o.s.b.w.embedded.tomcat.TomcatWebServer  : Tomcat started on port(s): 8080 (http) with context path ''
2022-06-08 15:20:33.206  INFO 3100 --- [restartedMain] solekia.demo.DemoApplication             : Started DemoApplication in 5.704 seconds (JVM running for 7.205)
2022-06-08 15:44:15.100  INFO 3100 --- [restartedMain] solekia.demo.DemoApplication             : Starting DemoApplication using Java 17.0.3 on S2200063 with PID 3100 (C:\Users\2940\Documents\teamC\bin\main started by 2940 in C:\Users\2940\Documents\teamC)
2022-06-08 15:44:15.103  INFO 3100 --- [restartedMain] solekia.demo.DemoApplication             : No active profile set, falling back to 1 default profile: "default"
2022-06-08 15:44:15.843  WARN 3100 --- [restartedMain] o.m.s.mapper.ClassPathMapperScanner      : Skipping MapperFactoryBean with name 'loginMapper' and 'solekia.demo.fastfood.repository.LoginMapper' mapperInterface. Bean already defined with the same name!
2022-06-08 15:44:15.851  WARN 3100 --- [restartedMain] o.m.s.mapper.ClassPathMapperScanner      : No MyBatis mapper was found in '[solekia.demo.fastfood.repository]' package. Please check your configuration.
2022-06-08 15:44:16.057  INFO 3100 --- [restartedMain] o.s.b.w.embedded.tomcat.TomcatWebServer  : Tomcat initialized with port(s): 8080 (http)
2022-06-08 15:44:16.076  INFO 3100 --- [restartedMain] o.apache.catalina.core.StandardService   : Starting service [Tomcat]
2022-06-08 15:44:16.080  INFO 3100 --- [restartedMain] org.apache.catalina.core.StandardEngine  : Starting Servlet engine: [Apache Tomcat/9.0.63]
2022-06-08 15:44:16.144  INFO 3100 --- [restartedMain] o.a.c.c.C.[Tomcat].[localhost].[/]       : Initializing Spring embedded WebApplicationContext
2022-06-08 15:44:16.148  INFO 3100 --- [restartedMain] w.s.c.ServletWebServerApplicationContext : Root WebApplicationContext: initialization completed in 1036 ms
2022-06-08 15:44:16.630  INFO 3100 --- [restartedMain] o.s.b.d.a.OptionalLiveReloadServer       : LiveReload server is running on port 35729
2022-06-08 15:44:16.690  INFO 3100 --- [restartedMain] o.s.b.w.embedded.tomcat.TomcatWebServer  : Tomcat started on port(s): 8080 (http) with context path ''
2022-06-08 15:44:16.698  INFO 3100 --- [restartedMain] solekia.demo.DemoApplication             : Started DemoApplication in 1.672 seconds (JVM running for 1430.696)
2022-06-08 15:44:16.704  INFO 3100 --- [restartedMain] .ConditionEvaluationDeltaLoggingListener : Condition evaluation unchanged
2022-06-08 15:45:21.393  INFO 3100 --- [restartedMain] solekia.demo.DemoApplication             : Starting DemoApplication using Java 17.0.3 on S2200063 with PID 3100 (C:\Users\2940\Documents\teamC\bin\main started by 2940 in C:\Users\2940\Documents\teamC)
2022-06-08 15:45:21.398  INFO 3100 --- [restartedMain] solekia.demo.DemoApplication             : No active profile set, falling back to 1 default profile: "default"
2022-06-08 15:45:22.172  WARN 3100 --- [restartedMain] o.m.s.mapper.ClassPathMapperScanner      : Skipping MapperFactoryBean with name 'loginMapper' and 'solekia.demo.fastfood.repository.LoginMapper' mapperInterface. Bean already defined with the same name!
2022-06-08 15:45:22.173  WARN 3100 --- [restartedMain] o.m.s.mapper.ClassPathMapperScanner      : No MyBatis mapper was found in '[solekia.demo.fastfood.repository]' package. Please check your configuration.
2022-06-08 15:45:22.293  INFO 3100 --- [restartedMain] o.s.b.w.embedded.tomcat.TomcatWebServer  : Tomcat initialized with port(s): 8080 (http)
2022-06-08 15:45:22.295  INFO 3100 --- [restartedMain] o.apache.catalina.core.StandardService   : Starting service [Tomcat]
2022-06-08 15:45:22.297  INFO 3100 --- [restartedMain] org.apache.catalina.core.StandardEngine  : Starting Servlet engine: [Apache Tomcat/9.0.63]
2022-06-08 15:45:22.346  INFO 3100 --- [restartedMain] o.a.c.c.C.[Tomcat].[localhost].[/]       : Initializing Spring embedded WebApplicationContext
2022-06-08 15:45:22.347  INFO 3100 --- [restartedMain] w.s.c.ServletWebServerApplicationContext : Root WebApplicationContext: initialization completed in 939 ms
2022-06-08 15:45:22.678  INFO 3100 --- [restartedMain] o.s.b.d.a.OptionalLiveReloadServer       : LiveReload server is running on port 35729
2022-06-08 15:45:22.721  INFO 3100 --- [restartedMain] o.s.b.w.embedded.tomcat.TomcatWebServer  : Tomcat started on port(s): 8080 (http) with context path ''
2022-06-08 15:45:22.730  INFO 3100 --- [restartedMain] solekia.demo.DemoApplication             : Started DemoApplication in 1.388 seconds (JVM running for 1496.729)
2022-06-08 15:45:22.734  INFO 3100 --- [restartedMain] .ConditionEvaluationDeltaLoggingListener : Condition evaluation unchanged
2022-06-08 15:46:15.465  INFO 3100 --- [restartedMain] solekia.demo.DemoApplication             : Starting DemoApplication using Java 17.0.3 on S2200063 with PID 3100 (C:\Users\2940\Documents\teamC\bin\main started by 2940 in C:\Users\2940\Documents\teamC)
2022-06-08 15:46:15.468  INFO 3100 --- [restartedMain] solekia.demo.DemoApplication             : No active profile set, falling back to 1 default profile: "default"
2022-06-08 15:46:16.135  WARN 3100 --- [restartedMain] o.m.s.mapper.ClassPathMapperScanner      : Skipping MapperFactoryBean with name 'loginMapper' and 'solekia.demo.fastfood.repository.LoginMapper' mapperInterface. Bean already defined with the same name!
2022-06-08 15:46:16.138  WARN 3100 --- [restartedMain] o.m.s.mapper.ClassPathMapperScanner      : No MyBatis mapper was found in '[solekia.demo.fastfood.repository]' package. Please check your configuration.
2022-06-08 15:46:16.257  INFO 3100 --- [restartedMain] o.s.b.w.embedded.tomcat.TomcatWebServer  : Tomcat initialized with port(s): 8080 (http)
2022-06-08 15:46:16.261  INFO 3100 --- [restartedMain] o.apache.catalina.core.StandardService   : Starting service [Tomcat]
2022-06-08 15:46:16.263  INFO 3100 --- [restartedMain] org.apache.catalina.core.StandardEngine  : Starting Servlet engine: [Apache Tomcat/9.0.63]
2022-06-08 15:46:16.315  INFO 3100 --- [restartedMain] o.a.c.c.C.[Tomcat].[localhost].[/]       : Initializing Spring embedded WebApplicationContext
2022-06-08 15:46:16.318  INFO 3100 --- [restartedMain] w.s.c.ServletWebServerApplicationContext : Root WebApplicationContext: initialization completed in 840 ms
2022-06-08 15:46:16.675  INFO 3100 --- [restartedMain] o.s.b.d.a.OptionalLiveReloadServer       : LiveReload server is running on port 35729
2022-06-08 15:46:16.724  INFO 3100 --- [restartedMain] o.s.b.w.embedded.tomcat.TomcatWebServer  : Tomcat started on port(s): 8080 (http) with context path ''
2022-06-08 15:46:16.734  INFO 3100 --- [restartedMain] solekia.demo.DemoApplication             : Started DemoApplication in 1.332 seconds (JVM running for 1550.733)
2022-06-08 15:46:16.739  INFO 3100 --- [restartedMain] .ConditionEvaluationDeltaLoggingListener : Condition evaluation unchanged
2022-06-08 15:59:23.431  INFO 18140 --- [restartedMain] s.demo.fastfood.FastfoodApplication      : Starting FastfoodApplication using Java 17.0.3 on S2200063 with PID 18140 (C:\Users\2940\Documents\teamC\bin\main started by 2940 in C:\Users\2940\Documents\teamC)
2022-06-08 15:59:23.436  INFO 18140 --- [restartedMain] s.demo.fastfood.FastfoodApplication      : No active profile set, falling back to 1 default profile: "default"
2022-06-08 15:59:23.594  INFO 18140 --- [restartedMain] .e.DevToolsPropertyDefaultsPostProcessor : Devtools property defaults active! Set 'spring.devtools.add-properties' to 'false' to disable
2022-06-08 15:59:23.596  INFO 18140 --- [restartedMain] .e.DevToolsPropertyDefaultsPostProcessor : For additional web related logging consider setting the 'logging.level.web' property to 'DEBUG'
2022-06-08 15:59:27.344  INFO 18140 --- [restartedMain] o.s.b.w.embedded.tomcat.TomcatWebServer  : Tomcat initialized with port(s): 8080 (http)
2022-06-08 15:59:27.380  INFO 18140 --- [restartedMain] o.apache.catalina.core.StandardService   : Starting service [Tomcat]
2022-06-08 15:59:27.383  INFO 18140 --- [restartedMain] org.apache.catalina.core.StandardEngine  : Starting Servlet engine: [Apache Tomcat/9.0.63]
2022-06-08 15:59:27.620  INFO 18140 --- [restartedMain] o.a.c.c.C.[Tomcat].[localhost].[/]       : Initializing Spring embedded WebApplicationContext
2022-06-08 15:59:27.624  INFO 18140 --- [restartedMain] w.s.c.ServletWebServerApplicationContext : Root WebApplicationContext: initialization completed in 4023 ms
2022-06-08 15:59:30.754  INFO 18140 --- [restartedMain] o.s.b.d.a.OptionalLiveReloadServer       : LiveReload server is running on port 35729
2022-06-08 15:59:31.124  INFO 18140 --- [restartedMain] o.s.b.w.embedded.tomcat.TomcatWebServer  : Tomcat started on port(s): 8080 (http) with context path ''
2022-06-08 15:59:31.162  INFO 18140 --- [restartedMain] s.demo.fastfood.FastfoodApplication      : Started FastfoodApplication in 8.492 seconds (JVM running for 10.7)
2022-06-08 15:59:42.581  INFO 18140 --- [http-nio-8080-exec-1] o.a.c.c.C.[Tomcat].[localhost].[/]       : Initializing Spring DispatcherServlet 'dispatcherServlet'
2022-06-08 15:59:42.583  INFO 18140 --- [http-nio-8080-exec-1] o.s.web.servlet.DispatcherServlet        : Initializing Servlet 'dispatcherServlet'
2022-06-08 15:59:42.585  INFO 18140 --- [http-nio-8080-exec-1] o.s.web.servlet.DispatcherServlet        : Completed initialization in 2 ms
2022-06-08 16:03:36.006  INFO 18140 --- [restartedMain] s.demo.fastfood.FastfoodApplication      : Starting FastfoodApplication using Java 17.0.3 on S2200063 with PID 18140 (C:\Users\2940\Documents\teamC\bin\main started by 2940 in C:\Users\2940\Documents\teamC)
2022-06-08 16:03:36.008  INFO 18140 --- [restartedMain] s.demo.fastfood.FastfoodApplication      : No active profile set, falling back to 1 default profile: "default"
2022-06-08 16:03:36.900  INFO 18140 --- [restartedMain] o.s.b.w.embedded.tomcat.TomcatWebServer  : Tomcat initialized with port(s): 8080 (http)
2022-06-08 16:03:36.936  INFO 18140 --- [restartedMain] o.apache.catalina.core.StandardService   : Starting service [Tomcat]
2022-06-08 16:03:36.974  INFO 18140 --- [restartedMain] org.apache.catalina.core.StandardEngine  : Starting Servlet engine: [Apache Tomcat/9.0.63]
2022-06-08 16:03:37.062  INFO 18140 --- [restartedMain] o.a.c.c.C.[Tomcat].[localhost].[/]       : Initializing Spring embedded WebApplicationContext
2022-06-08 16:03:37.065  INFO 18140 --- [restartedMain] w.s.c.ServletWebServerApplicationContext : Root WebApplicationContext: initialization completed in 1049 ms
2022-06-08 16:03:37.779  INFO 18140 --- [restartedMain] o.s.b.d.a.OptionalLiveReloadServer       : LiveReload server is running on port 35729
2022-06-08 16:03:37.849  INFO 18140 --- [restartedMain] o.s.b.w.embedded.tomcat.TomcatWebServer  : Tomcat started on port(s): 8080 (http) with context path ''
2022-06-08 16:03:37.857  INFO 18140 --- [restartedMain] s.demo.fastfood.FastfoodApplication      : Started FastfoodApplication in 1.908 seconds (JVM running for 257.396)
2022-06-08 16:03:37.864  INFO 18140 --- [restartedMain] .ConditionEvaluationDeltaLoggingListener : Condition evaluation unchanged
2022-06-08 16:04:26.736  INFO 18140 --- [http-nio-8080-exec-2] o.a.c.c.C.[Tomcat].[localhost].[/]       : Initializing Spring DispatcherServlet 'dispatcherServlet'
2022-06-08 16:04:26.738  INFO 18140 --- [http-nio-8080-exec-2] o.s.web.servlet.DispatcherServlet        : Initializing Servlet 'dispatcherServlet'
2022-06-08 16:04:26.739  INFO 18140 --- [http-nio-8080-exec-2] o.s.web.servlet.DispatcherServlet        : Completed initialization in 1 ms
2022-06-08 16:04:47.131 ERROR 18140 --- [http-nio-8080-exec-3] org.thymeleaf.TemplateEngine             : [THYMELEAF][http-nio-8080-exec-3] Exception processing template "fastfood/login": An error happened during template parsing (template: "class path resource [templates/fastfood/login.html]" - line 30, col 79)

org.thymeleaf.exceptions.TemplateInputException: An error happened during template parsing (template: "class path resource [templates/fastfood/login.html]" - line 30, col 79)
	at org.thymeleaf.templateparser.markup.AbstractMarkupTemplateParser.parse(AbstractMarkupTemplateParser.java:239) ~[thymeleaf-3.0.15.RELEASE.jar:3.0.15.RELEASE]
	at org.thymeleaf.templateparser.markup.AbstractMarkupTemplateParser.parseStandalone(AbstractMarkupTemplateParser.java:100) ~[thymeleaf-3.0.15.RELEASE.jar:3.0.15.RELEASE]
	at org.thymeleaf.engine.TemplateManager.parseAndProcess(TemplateManager.java:666) ~[thymeleaf-3.0.15.RELEASE.jar:3.0.15.RELEASE]
	at org.thymeleaf.TemplateEngine.process(TemplateEngine.java:1098) ~[thymeleaf-3.0.15.RELEASE.jar:3.0.15.RELEASE]
	at org.thymeleaf.TemplateEngine.process(TemplateEngine.java:1072) ~[thymeleaf-3.0.15.RELEASE.jar:3.0.15.RELEASE]
	at org.thymeleaf.spring5.view.ThymeleafView.renderFragment(ThymeleafView.java:366) ~[thymeleaf-spring5-3.0.15.RELEASE.jar:3.0.15.RELEASE]
	at org.thymeleaf.spring5.view.ThymeleafView.render(ThymeleafView.java:190) ~[thymeleaf-spring5-3.0.15.RELEASE.jar:3.0.15.RELEASE]
	at org.springframework.web.servlet.DispatcherServlet.render(DispatcherServlet.java:1401) ~[spring-webmvc-5.3.20.jar:5.3.20]
	at org.springframework.web.servlet.DispatcherServlet.processDispatchResult(DispatcherServlet.java:1145) ~[spring-webmvc-5.3.20.jar:5.3.20]
	at org.springframework.web.servlet.DispatcherServlet.doDispatch(DispatcherServlet.java:1084) ~[spring-webmvc-5.3.20.jar:5.3.20]
	at org.springframework.web.servlet.DispatcherServlet.doService(DispatcherServlet.java:963) ~[spring-webmvc-5.3.20.jar:5.3.20]
	at org.springframework.web.servlet.FrameworkServlet.processRequest(FrameworkServlet.java:1006) ~[spring-webmvc-5.3.20.jar:5.3.20]
	at org.springframework.web.servlet.FrameworkServlet.doGet(FrameworkServlet.java:898) ~[spring-webmvc-5.3.20.jar:5.3.20]
	at javax.servlet.http.HttpServlet.service(HttpServlet.java:655) ~[tomcat-embed-core-9.0.63.jar:4.0.FR]
	at org.springframework.web.servlet.FrameworkServlet.service(FrameworkServlet.java:883) ~[spring-webmvc-5.3.20.jar:5.3.20]
	at javax.servlet.http.HttpServlet.service(HttpServlet.java:764) ~[tomcat-embed-core-9.0.63.jar:4.0.FR]
	at org.apache.catalina.core.ApplicationFilterChain.internalDoFilter(ApplicationFilterChain.java:227) ~[tomcat-embed-core-9.0.63.jar:9.0.63]
	at org.apache.catalina.core.ApplicationFilterChain.doFilter(ApplicationFilterChain.java:162) ~[tomcat-embed-core-9.0.63.jar:9.0.63]
	at org.apache.tomcat.websocket.server.WsFilter.doFilter(WsFilter.java:53) ~[tomcat-embed-websocket-9.0.63.jar:9.0.63]
	at org.apache.catalina.core.ApplicationFilterChain.internalDoFilter(ApplicationFilterChain.java:189) ~[tomcat-embed-core-9.0.63.jar:9.0.63]
	at org.apache.catalina.core.ApplicationFilterChain.doFilter(ApplicationFilterChain.java:162) ~[tomcat-embed-core-9.0.63.jar:9.0.63]
	at org.springframework.web.filter.RequestContextFilter.doFilterInternal(RequestContextFilter.java:100) ~[spring-web-5.3.20.jar:5.3.20]
	at org.springframework.web.filter.OncePerRequestFilter.doFilter(OncePerRequestFilter.java:117) ~[spring-web-5.3.20.jar:5.3.20]
	at org.apache.catalina.core.ApplicationFilterChain.internalDoFilter(ApplicationFilterChain.java:189) ~[tomcat-embed-core-9.0.63.jar:9.0.63]
	at org.apache.catalina.core.ApplicationFilterChain.doFilter(ApplicationFilterChain.java:162) ~[tomcat-embed-core-9.0.63.jar:9.0.63]
	at org.springframework.web.filter.FormContentFilter.doFilterInternal(FormContentFilter.java:93) ~[spring-web-5.3.20.jar:5.3.20]
	at org.springframework.web.filter.OncePerRequestFilter.doFilter(OncePerRequestFilter.java:117) ~[spring-web-5.3.20.jar:5.3.20]
	at org.apache.catalina.core.ApplicationFilterChain.internalDoFilter(ApplicationFilterChain.java:189) ~[tomcat-embed-core-9.0.63.jar:9.0.63]
	at org.apache.catalina.core.ApplicationFilterChain.doFilter(ApplicationFilterChain.java:162) ~[tomcat-embed-core-9.0.63.jar:9.0.63]
	at org.springframework.web.filter.CharacterEncodingFilter.doFilterInternal(CharacterEncodingFilter.java:201) ~[spring-web-5.3.20.jar:5.3.20]
	at org.springframework.web.filter.OncePerRequestFilter.doFilter(OncePerRequestFilter.java:117) ~[spring-web-5.3.20.jar:5.3.20]
	at org.apache.catalina.core.ApplicationFilterChain.internalDoFilter(ApplicationFilterChain.java:189) ~[tomcat-embed-core-9.0.63.jar:9.0.63]
	at org.apache.catalina.core.ApplicationFilterChain.doFilter(ApplicationFilterChain.java:162) ~[tomcat-embed-core-9.0.63.jar:9.0.63]
	at org.apache.catalina.core.StandardWrapperValve.invoke(StandardWrapperValve.java:197) ~[tomcat-embed-core-9.0.63.jar:9.0.63]
	at org.apache.catalina.core.StandardContextValve.invoke(StandardContextValve.java:97) ~[tomcat-embed-core-9.0.63.jar:9.0.63]
	at org.apache.catalina.authenticator.AuthenticatorBase.invoke(AuthenticatorBase.java:541) ~[tomcat-embed-core-9.0.63.jar:9.0.63]
	at org.apache.catalina.core.StandardHostValve.invoke(StandardHostValve.java:135) ~[tomcat-embed-core-9.0.63.jar:9.0.63]
	at org.apache.catalina.valves.ErrorReportValve.invoke(ErrorReportValve.java:92) ~[tomcat-embed-core-9.0.63.jar:9.0.63]
	at org.apache.catalina.core.StandardEngineValve.invoke(StandardEngineValve.java:78) ~[tomcat-embed-core-9.0.63.jar:9.0.63]
	at org.apache.catalina.connector.CoyoteAdapter.service(CoyoteAdapter.java:360) ~[tomcat-embed-core-9.0.63.jar:9.0.63]
	at org.apache.coyote.http11.Http11Processor.service(Http11Processor.java:399) ~[tomcat-embed-core-9.0.63.jar:9.0.63]
	at org.apache.coyote.AbstractProcessorLight.process(AbstractProcessorLight.java:65) ~[tomcat-embed-core-9.0.63.jar:9.0.63]
	at org.apache.coyote.AbstractProtocol$ConnectionHandler.process(AbstractProtocol.java:890) ~[tomcat-embed-core-9.0.63.jar:9.0.63]
	at org.apache.tomcat.util.net.NioEndpoint$SocketProcessor.doRun(NioEndpoint.java:1743) ~[tomcat-embed-core-9.0.63.jar:9.0.63]
	at org.apache.tomcat.util.net.SocketProcessorBase.run(SocketProcessorBase.java:49) ~[tomcat-embed-core-9.0.63.jar:9.0.63]
	at org.apache.tomcat.util.threads.ThreadPoolExecutor.runWorker(ThreadPoolExecutor.java:1191) ~[tomcat-embed-core-9.0.63.jar:9.0.63]
	at org.apache.tomcat.util.threads.ThreadPoolExecutor$Worker.run(ThreadPoolExecutor.java:659) ~[tomcat-embed-core-9.0.63.jar:9.0.63]
	at org.apache.tomcat.util.threads.TaskThread$WrappingRunnable.run(TaskThread.java:61) ~[tomcat-embed-core-9.0.63.jar:9.0.63]
	at java.base/java.lang.Thread.run(Unknown Source) ~[na:na]
Caused by: org.attoparser.ParseException: (Line = 30, Column = 79) Malformed markup: Attribute "href" appears more than once in element
	at org.attoparser.MarkupEventProcessorHandler.handleAttribute(MarkupEventProcessorHandler.java:549) ~[attoparser-2.0.5.RELEASE.jar:2.0.5.RELEASE]
	at org.attoparser.ParsingAttributeSequenceUtil.parseAttributeSequence(ParsingAttributeSequenceUtil.java:275) ~[attoparser-2.0.5.RELEASE.jar:2.0.5.RELEASE]
	at org.attoparser.ParsingElementMarkupUtil.parseOpenElement(ParsingElementMarkupUtil.java:153) ~[attoparser-2.0.5.RELEASE.jar:2.0.5.RELEASE]
	at org.attoparser.MarkupParser.parseBuffer(MarkupParser.java:710) ~[attoparser-2.0.5.RELEASE.jar:2.0.5.RELEASE]
	at org.attoparser.MarkupParser.parseDocument(MarkupParser.java:301) ~[attoparser-2.0.5.RELEASE.jar:2.0.5.RELEASE]
	at org.attoparser.MarkupParser.parse(MarkupParser.java:257) ~[attoparser-2.0.5.RELEASE.jar:2.0.5.RELEASE]
	at org.thymeleaf.templateparser.markup.AbstractMarkupTemplateParser.parse(AbstractMarkupTemplateParser.java:230) ~[thymeleaf-3.0.15.RELEASE.jar:3.0.15.RELEASE]
	... 48 common frames omitted

2022-06-08 16:04:47.149 ERROR 18140 --- [http-nio-8080-exec-3] o.a.c.c.C.[.[.[/].[dispatcherServlet]    : Servlet.service() for servlet [dispatcherServlet] in context with path [] threw exception [Request processing failed; nested exception is org.thymeleaf.exceptions.TemplateInputException: An error happened during template parsing (template: "class path resource [templates/fastfood/login.html]" - line 30, col 79)] with root cause

org.attoparser.ParseException: (Line = 30, Column = 79) Malformed markup: Attribute "href" appears more than once in element
	at org.attoparser.MarkupEventProcessorHandler.handleAttribute(MarkupEventProcessorHandler.java:549) ~[attoparser-2.0.5.RELEASE.jar:2.0.5.RELEASE]
	at org.attoparser.ParsingAttributeSequenceUtil.parseAttributeSequence(ParsingAttributeSequenceUtil.java:275) ~[attoparser-2.0.5.RELEASE.jar:2.0.5.RELEASE]
	at org.attoparser.ParsingElementMarkupUtil.parseOpenElement(ParsingElementMarkupUtil.java:153) ~[attoparser-2.0.5.RELEASE.jar:2.0.5.RELEASE]
	at org.attoparser.MarkupParser.parseBuffer(MarkupParser.java:710) ~[attoparser-2.0.5.RELEASE.jar:2.0.5.RELEASE]
	at org.attoparser.MarkupParser.parseDocument(MarkupParser.java:301) ~[attoparser-2.0.5.RELEASE.jar:2.0.5.RELEASE]
	at org.attoparser.MarkupParser.parse(MarkupParser.java:257) ~[attoparser-2.0.5.RELEASE.jar:2.0.5.RELEASE]
	at org.thymeleaf.templateparser.markup.AbstractMarkupTemplateParser.parse(AbstractMarkupTemplateParser.java:230) ~[thymeleaf-3.0.15.RELEASE.jar:3.0.15.RELEASE]
	at org.thymeleaf.templateparser.markup.AbstractMarkupTemplateParser.parseStandalone(AbstractMarkupTemplateParser.java:100) ~[thymeleaf-3.0.15.RELEASE.jar:3.0.15.RELEASE]
	at org.thymeleaf.engine.TemplateManager.parseAndProcess(TemplateManager.java:666) ~[thymeleaf-3.0.15.RELEASE.jar:3.0.15.RELEASE]
	at org.thymeleaf.TemplateEngine.process(TemplateEngine.java:1098) ~[thymeleaf-3.0.15.RELEASE.jar:3.0.15.RELEASE]
	at org.thymeleaf.TemplateEngine.process(TemplateEngine.java:1072) ~[thymeleaf-3.0.15.RELEASE.jar:3.0.15.RELEASE]
	at org.thymeleaf.spring5.view.ThymeleafView.renderFragment(ThymeleafView.java:366) ~[thymeleaf-spring5-3.0.15.RELEASE.jar:3.0.15.RELEASE]
	at org.thymeleaf.spring5.view.ThymeleafView.render(ThymeleafView.java:190) ~[thymeleaf-spring5-3.0.15.RELEASE.jar:3.0.15.RELEASE]
	at org.springframework.web.servlet.DispatcherServlet.render(DispatcherServlet.java:1401) ~[spring-webmvc-5.3.20.jar:5.3.20]
	at org.springframework.web.servlet.DispatcherServlet.processDispatchResult(DispatcherServlet.java:1145) ~[spring-webmvc-5.3.20.jar:5.3.20]
	at org.springframework.web.servlet.DispatcherServlet.doDispatch(DispatcherServlet.java:1084) ~[spring-webmvc-5.3.20.jar:5.3.20]
	at org.springframework.web.servlet.DispatcherServlet.doService(DispatcherServlet.java:963) ~[spring-webmvc-5.3.20.jar:5.3.20]
	at org.springframework.web.servlet.FrameworkServlet.processRequest(FrameworkServlet.java:1006) ~[spring-webmvc-5.3.20.jar:5.3.20]
	at org.springframework.web.servlet.FrameworkServlet.doGet(FrameworkServlet.java:898) ~[spring-webmvc-5.3.20.jar:5.3.20]
	at javax.servlet.http.HttpServlet.service(HttpServlet.java:655) ~[tomcat-embed-core-9.0.63.jar:4.0.FR]
	at org.springframework.web.servlet.FrameworkServlet.service(FrameworkServlet.java:883) ~[spring-webmvc-5.3.20.jar:5.3.20]
	at javax.servlet.http.HttpServlet.service(HttpServlet.java:764) ~[tomcat-embed-core-9.0.63.jar:4.0.FR]
	at org.apache.catalina.core.ApplicationFilterChain.internalDoFilter(ApplicationFilterChain.java:227) ~[tomcat-embed-core-9.0.63.jar:9.0.63]
	at org.apache.catalina.core.ApplicationFilterChain.doFilter(ApplicationFilterChain.java:162) ~[tomcat-embed-core-9.0.63.jar:9.0.63]
	at org.apache.tomcat.websocket.server.WsFilter.doFilter(WsFilter.java:53) ~[tomcat-embed-websocket-9.0.63.jar:9.0.63]
	at org.apache.catalina.core.ApplicationFilterChain.internalDoFilter(ApplicationFilterChain.java:189) ~[tomcat-embed-core-9.0.63.jar:9.0.63]
	at org.apache.catalina.core.ApplicationFilterChain.doFilter(ApplicationFilterChain.java:162) ~[tomcat-embed-core-9.0.63.jar:9.0.63]
	at org.springframework.web.filter.RequestContextFilter.doFilterInternal(RequestContextFilter.java:100) ~[spring-web-5.3.20.jar:5.3.20]
	at org.springframework.web.filter.OncePerRequestFilter.doFilter(OncePerRequestFilter.java:117) ~[spring-web-5.3.20.jar:5.3.20]
	at org.apache.catalina.core.ApplicationFilterChain.internalDoFilter(ApplicationFilterChain.java:189) ~[tomcat-embed-core-9.0.63.jar:9.0.63]
	at org.apache.catalina.core.ApplicationFilterChain.doFilter(ApplicationFilterChain.java:162) ~[tomcat-embed-core-9.0.63.jar:9.0.63]
	at org.springframework.web.filter.FormContentFilter.doFilterInternal(FormContentFilter.java:93) ~[spring-web-5.3.20.jar:5.3.20]
	at org.springframework.web.filter.OncePerRequestFilter.doFilter(OncePerRequestFilter.java:117) ~[spring-web-5.3.20.jar:5.3.20]
	at org.apache.catalina.core.ApplicationFilterChain.internalDoFilter(ApplicationFilterChain.java:189) ~[tomcat-embed-core-9.0.63.jar:9.0.63]
	at org.apache.catalina.core.ApplicationFilterChain.doFilter(ApplicationFilterChain.java:162) ~[tomcat-embed-core-9.0.63.jar:9.0.63]
	at org.springframework.web.filter.CharacterEncodingFilter.doFilterInternal(CharacterEncodingFilter.java:201) ~[spring-web-5.3.20.jar:5.3.20]
	at org.springframework.web.filter.OncePerRequestFilter.doFilter(OncePerRequestFilter.java:117) ~[spring-web-5.3.20.jar:5.3.20]
	at org.apache.catalina.core.ApplicationFilterChain.internalDoFilter(ApplicationFilterChain.java:189) ~[tomcat-embed-core-9.0.63.jar:9.0.63]
	at org.apache.catalina.core.ApplicationFilterChain.doFilter(ApplicationFilterChain.java:162) ~[tomcat-embed-core-9.0.63.jar:9.0.63]
	at org.apache.catalina.core.StandardWrapperValve.invoke(StandardWrapperValve.java:197) ~[tomcat-embed-core-9.0.63.jar:9.0.63]
	at org.apache.catalina.core.StandardContextValve.invoke(StandardContextValve.java:97) ~[tomcat-embed-core-9.0.63.jar:9.0.63]
	at org.apache.catalina.authenticator.AuthenticatorBase.invoke(AuthenticatorBase.java:541) ~[tomcat-embed-core-9.0.63.jar:9.0.63]
	at org.apache.catalina.core.StandardHostValve.invoke(StandardHostValve.java:135) ~[tomcat-embed-core-9.0.63.jar:9.0.63]
	at org.apache.catalina.valves.ErrorReportValve.invoke(ErrorReportValve.java:92) ~[tomcat-embed-core-9.0.63.jar:9.0.63]
	at org.apache.catalina.core.StandardEngineValve.invoke(StandardEngineValve.java:78) ~[tomcat-embed-core-9.0.63.jar:9.0.63]
	at org.apache.catalina.connector.CoyoteAdapter.service(CoyoteAdapter.java:360) ~[tomcat-embed-core-9.0.63.jar:9.0.63]
	at org.apache.coyote.http11.Http11Processor.service(Http11Processor.java:399) ~[tomcat-embed-core-9.0.63.jar:9.0.63]
	at org.apache.coyote.AbstractProcessorLight.process(AbstractProcessorLight.java:65) ~[tomcat-embed-core-9.0.63.jar:9.0.63]
	at org.apache.coyote.AbstractProtocol$ConnectionHandler.process(AbstractProtocol.java:890) ~[tomcat-embed-core-9.0.63.jar:9.0.63]
	at org.apache.tomcat.util.net.NioEndpoint$SocketProcessor.doRun(NioEndpoint.java:1743) ~[tomcat-embed-core-9.0.63.jar:9.0.63]
	at org.apache.tomcat.util.net.SocketProcessorBase.run(SocketProcessorBase.java:49) ~[tomcat-embed-core-9.0.63.jar:9.0.63]
	at org.apache.tomcat.util.threads.ThreadPoolExecutor.runWorker(ThreadPoolExecutor.java:1191) ~[tomcat-embed-core-9.0.63.jar:9.0.63]
	at org.apache.tomcat.util.threads.ThreadPoolExecutor$Worker.run(ThreadPoolExecutor.java:659) ~[tomcat-embed-core-9.0.63.jar:9.0.63]
	at org.apache.tomcat.util.threads.TaskThread$WrappingRunnable.run(TaskThread.java:61) ~[tomcat-embed-core-9.0.63.jar:9.0.63]
	at java.base/java.lang.Thread.run(Unknown Source) ~[na:na]

2022-06-08 16:15:19.261  INFO 18140 --- [restartedMain] s.demo.fastfood.FastfoodApplication      : Starting FastfoodApplication using Java 17.0.3 on S2200063 with PID 18140 (C:\Users\2940\Documents\teamC\bin\main started by 2940 in C:\Users\2940\Documents\teamC)
2022-06-08 16:15:19.263  INFO 18140 --- [restartedMain] s.demo.fastfood.FastfoodApplication      : No active profile set, falling back to 1 default profile: "default"
2022-06-08 16:15:20.069  INFO 18140 --- [restartedMain] o.s.b.w.embedded.tomcat.TomcatWebServer  : Tomcat initialized with port(s): 8080 (http)
2022-06-08 16:15:20.072  INFO 18140 --- [restartedMain] o.apache.catalina.core.StandardService   : Starting service [Tomcat]
2022-06-08 16:15:20.074  INFO 18140 --- [restartedMain] org.apache.catalina.core.StandardEngine  : Starting Servlet engine: [Apache Tomcat/9.0.63]
2022-06-08 16:15:20.123  INFO 18140 --- [restartedMain] o.a.c.c.C.[Tomcat].[localhost].[/]       : Initializing Spring embedded WebApplicationContext
2022-06-08 16:15:20.138  INFO 18140 --- [restartedMain] w.s.c.ServletWebServerApplicationContext : Root WebApplicationContext: initialization completed in 852 ms
2022-06-08 16:15:20.461  INFO 18140 --- [restartedMain] o.s.b.d.a.OptionalLiveReloadServer       : LiveReload server is running on port 35729
2022-06-08 16:15:20.547  INFO 18140 --- [restartedMain] o.s.b.w.embedded.tomcat.TomcatWebServer  : Tomcat started on port(s): 8080 (http) with context path ''
2022-06-08 16:15:20.581  INFO 18140 --- [restartedMain] s.demo.fastfood.FastfoodApplication      : Started FastfoodApplication in 1.405 seconds (JVM running for 960.12)
2022-06-08 16:15:20.586  INFO 18140 --- [restartedMain] .ConditionEvaluationDeltaLoggingListener : Condition evaluation unchanged
